<?xml version="1.0" encoding="UTF-8"?>
<!-- Generated by org.testng.reporters.JUnitXMLReporter -->
<testsuite ignored="5" hostname="DESKTOP-E8N4AVL" failures="0" tests="3" name="groupingTest" time="0.12" errors="0" timestamp="2025-05-28T17:15:24 IST">
  <testcase classname="groups.signup" name="signupfacebook" time="0.019"/>
  <testcase classname="groups.signup" name="signupEmail" time="0.004"/>
  <testcase classname="groups.signup" name="signupGoogle" time="0.004"/>
  <testcase classname="groups.loginTests" name="emailLogin" time="0.0">
    <ignored/>
  </testcase> <!-- emailLogin -->
  <testcase classname="groups.loginTests" name="facebookLogin" time="0.0">
    <ignored/>
  </testcase> <!-- facebookLogin -->
  <testcase classname="groups.loginTests" name="googleLogin" time="0.0">
    <ignored/>
  </testcase> <!-- googleLogin -->
  <testcase classname="groups.payment" name="netbanking" time="0.0">
    <ignored/>
  </testcase> <!-- netbanking -->
  <testcase classname="groups.payment" name="upi" time="0.0">
    <ignored/>
  </testcase> <!-- upi -->
</testsuite> <!-- groupingTest -->
