<?xml version="1.0" encoding="UTF-8"?>
<!-- Generated by org.testng.reporters.JUnitXMLReporter -->
<testsuite ignored="0" hostname="DESKTOP-E8N4AVL" failures="0" tests="4" name="mytest" time="10.986" errors="0" timestamp="2025-05-27T18:41:43 IST">
  <testcase classname="TestNg.PracticeTest2" name="openApp" time="7.893"/>
  <testcase classname="TestNg.PracticeTest2" name="testLogo" time="2.083"/>
  <testcase classname="TestNg.PracticeTest2" name="testLogin" time="0.448"/>
  <testcase classname="TestNg.PracticeTest2" name="closeApp" time="0.418"/>
</testsuite> <!-- mytest -->
