<?xml version="1.0" encoding="UTF-8"?>
<!-- Generated by org.testng.reporters.JUnitXMLReporter -->
<testsuite ignored="0" hostname="DESKTOP-E8N4AVL" failures="0" tests="3" name="fTest" time="28.637" errors="0" timestamp="2025-05-29T18:29:48 IST">
  <testcase classname="DataProvider.parameterTesting" name="testLogo" time="2.097"/>
  <testcase classname="DataProvider.parameterTesting" name="testTitle" time="0.044"/>
  <testcase classname="DataProvider.parameterTesting" name="testUrl" time="0.009"/>
</testsuite> <!-- fTest -->
