<?xml version="1.0" encoding="UTF-8"?>
<!-- Generated by org.testng.reporters.JUnitXMLReporter -->
<testsuite ignored="0" hostname="DESKTOP-E8N4AVL" failures="0" tests="3" name="Test" time="75.856" errors="0" timestamp="2025-05-29T10:50:01 IST">
  <testcase classname="DataProvider.parameterTesting" name="testLogo" time="2.119"/>
  <testcase classname="DataProvider.parameterTesting" name="testTitle" time="0.0"/>
  <testcase classname="DataProvider.parameterTesting" name="testUrl" time="0.0"/>
</testsuite> <!-- Test -->
