<?xml version="1.0" encoding="UTF-8"?>
<!-- Generated by org.testng.reporters.JUnitXMLReporter -->
<testsuite ignored="0" hostname="DESKTOP-E8N4AVL" failures="0" tests="3" name="Test2" time="0.042" errors="0" timestamp="2025-05-28T00:01:29 IST">
  <testcase classname="TestNg.AfterTestmethod" name="xyz" time="0.004"/>
  <testcase classname="TestNg.BeforeTestMethod" name="abc" time="0.004"/>
  <testcase classname="TestNg.BeforeAfterSuite" name="pqr" time="0.005"/>
</testsuite> <!-- Test2 -->
