<?xml version="1.0" encoding="UTF-8"?>
<testng-results ignored="0" total="1" passed="1" failed="0" skipped="0">
  <reporter-output>
  </reporter-output>
  <suite started-at="2025-06-30T14:30:36 IST" name="Default suite" finished-at="2025-06-30T14:30:59 IST" duration-ms="23096">
    <groups>
    </groups>
    <test started-at="2025-06-30T14:30:36 IST" name="Default test" finished-at="2025-06-30T14:30:59 IST" duration-ms="23096">
      <class name="Crm.createcampaign">
        <test-method is-config="true" signature="setup()[pri:0, instance:Crm.createcampaign@5bda8e08]" started-at="2025-06-30T14:30:36 IST" name="setup" finished-at="2025-06-30T14:30:44 IST" duration-ms="7464" status="PASS">
          <reporter-output>
          </reporter-output>
        </test-method> <!-- setup -->
        <test-method signature="createCampaignPage()[pri:0, instance:Crm.createcampaign@5bda8e08]" started-at="2025-06-30T14:30:44 IST" name="createCampaignPage" finished-at="2025-06-30T14:30:57 IST" duration-ms="13568" status="PASS">
          <reporter-output>
          </reporter-output>
        </test-method> <!-- createCampaignPage -->
        <test-method is-config="true" signature="tearDown()[pri:0, instance:Crm.createcampaign@5bda8e08]" started-at="2025-06-30T14:30:57 IST" name="tearDown" finished-at="2025-06-30T14:30:59 IST" duration-ms="1983" status="PASS">
          <reporter-output>
          </reporter-output>
        </test-method> <!-- tearDown -->
      </class> <!-- Crm.createcampaign -->
    </test> <!-- Default test -->
  </suite> <!-- Default suite -->
</testng-results>
